[2025-05-28 08:36:26] === INICIO DE NUEVO PROCESO DE PEDIDO ===
[2025-05-28 08:36:26] Directorio actual: C:\xampp\htdocs\ProyectoGalletasJc\controllers
[2025-05-28 08:36:26] Usuario ID: 7
[2025-05-28 08:36:26] Conexión a la base de datos establecida correctamente
[2025-05-28 08:36:26] Información de la base de datos: 10.4.32-MariaDB
[2025-05-28 08:36:26] Productos en el carrito: 2
[2025-05-28 08:36:26] Contenido del carrito: Array
(
    [0] => Array
        (
            [id] => 133
            [usuario_id] => 7
            [producto_id] => 4
            [tamano] => jumbo
            [presentacion] => paquete3
            [cantidad] => 1
            [nombre] => Galleta de M&amp;M
            [imagen] => 68190f25264ad.png
            [precio] => 30000.00
        )

    [1] => Array
        (
            [id] => 134
            [usuario_id] => 7
            [producto_id] => 4
            [tamano] => jumbo
            [presentacion] => unidad
            [cantidad] => 1
            [nombre] => Galleta de M&amp;M
            [imagen] => 68190f25264ad.png
            [precio] => 12000.00
        )

)

[2025-05-28 08:36:26] Datos de envío validados - Dirección: cra4 #1-45, Teléfono: 3238286895
[2025-05-28 08:36:26] Transacción iniciada
[2025-05-28 08:36:26] Intentando crear pedido...
[2025-05-28 08:36:26] Pedido creado exitosamente con ID: 43
[2025-05-28 08:36:26] Cantidad a descontar del stock: 3
[2025-05-28 08:36:26] Stock actual: 4
[2025-05-28 08:36:26] Stock actualizado exitosamente para el producto ID: 4
[2025-05-28 08:36:26] Cantidad a descontar del stock: 1
[2025-05-28 08:36:26] Stock actual: 1
[2025-05-28 08:36:26] Stock actualizado exitosamente para el producto ID: 4
[2025-05-28 08:36:26] Intentando vaciar el carrito...
[2025-05-28 08:36:26] Carrito vaciado exitosamente
[2025-05-28 08:36:26] Transacción confirmada exitosamente
[2025-05-28 08:36:26] Proceso de compra completado exitosamente
